[08-Nov-2022 03:08:46 Europe/Berlin] SESSIONCONTROLLER::VALIDATESESSION
[08-Nov-2022 03:08:46 Europe/Berlin] SESSIONCONTROLLER::GETCURRENTPAGE: link -> /ecommerce/signup/ url -> signup
[08-Nov-2022 03:08:46 Europe/Berlin] SESSIONCONTROLLER::ISPUBLIC: currentURL -> signup
[08-Nov-2022 03:08:46 Europe/Berlin] Entra a sitio publico
[08-Nov-2022 03:09:00 Europe/Berlin] SESSIONCONTROLLER::VALIDATESESSION
[08-Nov-2022 03:09:00 Europe/Berlin] SESSIONCONTROLLER::GETCURRENTPAGE: link -> /ecommerce/signup/newUser url -> signup
[08-Nov-2022 03:09:00 Europe/Berlin] SESSIONCONTROLLER::ISPUBLIC: currentURL -> signup
[08-Nov-2022 03:09:00 Europe/Berlin] Entra a sitio publico
[08-Nov-2022 03:09:00 Europe/Berlin] CONTROLLER:EXISTPOST: existen todos los parametros
[08-Nov-2022 03:09:01 Europe/Berlin] DATABASE::CONNECT -> Error de conexión: SQLSTATE[HY000] [2019] Unknown character set
[08-Nov-2022 03:09:01 Europe/Berlin] PHP Fatal error:  Uncaught Error: Call to a member function prepare() on null in C:\xampp\htdocs\ecommerce\libs\model.php:19
Stack trace:
#0 C:\xampp\htdocs\ecommerce\models\userModel.php(108): Model->prepare('SELECT email FR...')
#1 C:\xampp\htdocs\ecommerce\controllers\signupController.php(38): UserModel->exists('jjrojoa@hotmail...')
#2 C:\xampp\htdocs\ecommerce\libs\app.php(40): SignupController->newUser()
#3 C:\xampp\htdocs\ecommerce\index.php(22): App->__construct()
#4 {main}
  thrown in C:\xampp\htdocs\ecommerce\libs\model.php on line 19
[08-Nov-2022 03:12:10 Europe/Berlin] SESSIONCONTROLLER::VALIDATESESSION
[08-Nov-2022 03:12:10 Europe/Berlin] SESSIONCONTROLLER::GETCURRENTPAGE: link -> /ecommerce/signup url -> signup
[08-Nov-2022 03:12:10 Europe/Berlin] SESSIONCONTROLLER::ISPUBLIC: currentURL -> signup
[08-Nov-2022 03:12:10 Europe/Berlin] Entra a sitio publico
[08-Nov-2022 03:13:18 Europe/Berlin] SESSIONCONTROLLER::VALIDATESESSION
[08-Nov-2022 03:13:18 Europe/Berlin] SESSIONCONTROLLER::GETCURRENTPAGE: link -> /ecommerce/signup url -> signup
[08-Nov-2022 03:13:18 Europe/Berlin] SESSIONCONTROLLER::ISPUBLIC: currentURL -> signup
[08-Nov-2022 03:13:18 Europe/Berlin] Entra a sitio publico
[08-Nov-2022 03:13:35 Europe/Berlin] SESSIONCONTROLLER::VALIDATESESSION
[08-Nov-2022 03:13:35 Europe/Berlin] SESSIONCONTROLLER::GETCURRENTPAGE: link -> /ecommerce/signup/newUser url -> signup
[08-Nov-2022 03:13:35 Europe/Berlin] SESSIONCONTROLLER::ISPUBLIC: currentURL -> signup
[08-Nov-2022 03:13:35 Europe/Berlin] Entra a sitio publico
[08-Nov-2022 03:13:35 Europe/Berlin] CONTROLLER:EXISTPOST: existen todos los parametros
[08-Nov-2022 03:13:36 Europe/Berlin] USERMODEL::SAVE-> SQLSTATE[42000]: Syntax error or access violation: 1064 You have an error in your SQL syntax; check the manual that corresponds to your MariaDB server version for the right syntax to use near ') VALUES (?, ?, ?, ?, ?, ?)' at line 2
[08-Nov-2022 03:13:36 Europe/Berlin] ERRORCONTROLLER::CONSTRUCT -> Inicio de Error
[08-Nov-2022 03:21:59 Europe/Berlin] SESSIONCONTROLLER::VALIDATESESSION
[08-Nov-2022 03:21:59 Europe/Berlin] SESSIONCONTROLLER::GETCURRENTPAGE: link -> /ecommerce/signup url -> signup
[08-Nov-2022 03:21:59 Europe/Berlin] SESSIONCONTROLLER::ISPUBLIC: currentURL -> signup
[08-Nov-2022 03:21:59 Europe/Berlin] Entra a sitio publico
[08-Nov-2022 03:22:18 Europe/Berlin] SESSIONCONTROLLER::VALIDATESESSION
[08-Nov-2022 03:22:18 Europe/Berlin] SESSIONCONTROLLER::GETCURRENTPAGE: link -> /ecommerce/signup/newUser url -> signup
[08-Nov-2022 03:22:18 Europe/Berlin] SESSIONCONTROLLER::ISPUBLIC: currentURL -> signup
[08-Nov-2022 03:22:18 Europe/Berlin] Entra a sitio publico
[08-Nov-2022 03:22:18 Europe/Berlin] CONTROLLER:EXISTPOST: existen todos los parametros
[08-Nov-2022 03:22:18 Europe/Berlin] USERMODEL::SAVE-> SQLSTATE[42S22]: Column not found: 1054 Unknown column 'password' in 'field list'
[08-Nov-2022 03:22:19 Europe/Berlin] ERRORCONTROLLER::CONSTRUCT -> Inicio de Error
[08-Nov-2022 03:23:31 Europe/Berlin] SESSIONCONTROLLER::VALIDATESESSION
[08-Nov-2022 03:23:31 Europe/Berlin] SESSIONCONTROLLER::GETCURRENTPAGE: link -> /ecommerce/signup url -> signup
[08-Nov-2022 03:23:31 Europe/Berlin] SESSIONCONTROLLER::ISPUBLIC: currentURL -> signup
[08-Nov-2022 03:23:31 Europe/Berlin] Entra a sitio publico
[08-Nov-2022 03:23:56 Europe/Berlin] SESSIONCONTROLLER::VALIDATESESSION
[08-Nov-2022 03:23:56 Europe/Berlin] SESSIONCONTROLLER::GETCURRENTPAGE: link -> /ecommerce/signup/newUser url -> signup
[08-Nov-2022 03:23:56 Europe/Berlin] SESSIONCONTROLLER::ISPUBLIC: currentURL -> signup
[08-Nov-2022 03:23:56 Europe/Berlin] Entra a sitio publico
[08-Nov-2022 03:23:56 Europe/Berlin] CONTROLLER:EXISTPOST: existen todos los parametros
[08-Nov-2022 03:23:58 Europe/Berlin] ERRORCONTROLLER::CONSTRUCT -> Inicio de Error
